CMake Warning (dev) in CMakeLists.txt:
  No project() command is present.  The top-level CMakeLists.txt file must
  contain a literal, direct call to the project() command.  Add a line of
  code such as

    project(ProjectName)

  near the top of the file, but after cmake_minimum_required().

  CMake is pretending there is a "project(Project)" command on the first
  line.
This warning is for project developers.  Use -Wno-dev to suppress it.

-- The C compiler identification is GNU 7.5.0
-- The CXX compiler identification is GNU 7.5.0
-- Detecting C compiler ABI info
-- Detecting C compiler ABI info - done
-- Check for working C compiler: /usr/bin/cc - skipped
-- Detecting C compile features
-- Detecting C compile features - done
-- Detecting CXX compiler ABI info
-- Detecting CXX compiler ABI info - done
-- Check for working CXX compiler: /usr/bin/c++ - skipped
-- Detecting CXX compile features
-- Detecting CXX compile features - done
CMake Deprecation Warning at CMakeLists.txt:4 (cmake_minimum_required):
  Compatibility with CMake < 2.8.12 will be removed from a future version of
  CMake.

  Update the VERSION argument <min> value or use a ...<max> suffix to tell
  CMake that the project does not need compatibility with older versions.


-- Using CATKIN_DEVEL_PREFIX: /home/marco/PROYECTOS/MRS_EKF_MatLab/catkin_ws/src/matlab_msg_gen_ros1/glnxa64/devel
-- Using CMAKE_PREFIX_PATH: /usr/local/MATLAB/R2021a/sys/ros1/glnxa64/ros1;/usr/local/MATLAB/R2021a/toolbox/ros/mlroscpp/custom_messages
-- This workspace overlays: /usr/local/MATLAB/R2021a/sys/ros1/glnxa64/ros1;/usr/local/MATLAB/R2021a/toolbox/ros/mlroscpp/custom_messages
-- Found PythonInterp: /home/marco/.matlab/R2021a/ros1/glnxa64/venv/bin/python2 (found suitable version "2.7.17", minimum required is "2") 
-- Using PYTHON_EXECUTABLE: /home/marco/.matlab/R2021a/ros1/glnxa64/venv/bin/python2
-- Using Debian Python package layout
-- Using empy: /usr/bin/empy
-- Using CATKIN_ENABLE_TESTING: off
-- catkin 0.7.17
-- BUILD_SHARED_LIBS is on
-- BUILD_SHARED_LIBS is on
-- ~~~~~~~~~~~~~~~~~~~~~~~~~~~~~~~~~~~~~~~~~~~~~~~~~
-- ~~  traversing 1 packages in topological order:
-- ~~  - custom_msgs
-- ~~~~~~~~~~~~~~~~~~~~~~~~~~~~~~~~~~~~~~~~~~~~~~~~~
-- +++ processing catkin package: 'custom_msgs'
-- ==> add_subdirectory(custom_msgs)
-- Disabling the following message generators: geneus;genlisp;gennodejs
-- Using these message generators: gencpp;genpy
-- custom_msgs: 2 messages, 0 services
-- Configuring done
-- Generating done
CMake Warning:
  Manually-specified variables were not used by the project:

    Boost_NAMESPACE


-- Build files have been written to: /home/marco/PROYECTOS/MRS_EKF_MatLab/catkin_ws/src/matlab_msg_gen_ros1/glnxa64/build
[1/11] cd /home/marco/PROYECTOS/MRS_EKF_MatLab/catkin_ws/src/matlab_msg_gen_ros1/glnxa64/build/custom_msgs && /home/marco/PROYECTOS/MRS_EKF_MatLab/catkin_ws/src/matlab_msg_gen_ros1/glnxa64/build/catkin_generated/env_cached.sh /home/marco/.matlab/R2021a/ros1/glnxa64/venv/bin/python2 /usr/local/MATLAB/R2021a/sys/ros1/glnxa64/ros1/share/genmsg/cmake/../../../lib/genmsg/genmsg_check_deps.py custom_msgs /home/marco/PROYECTOS/MRS_EKF_MatLab/catkin_ws/src/matlab_msg_gen_ros1/glnxa64/src/custom_msgs/msg/Landmarks.msg custom_msgs/Landmark
[2/11] cd /home/marco/PROYECTOS/MRS_EKF_MatLab/catkin_ws/src/matlab_msg_gen_ros1/glnxa64/build/custom_msgs && /home/marco/PROYECTOS/MRS_EKF_MatLab/catkin_ws/src/matlab_msg_gen_ros1/glnxa64/build/catkin_generated/env_cached.sh /home/marco/.matlab/R2021a/ros1/glnxa64/venv/bin/python2 /usr/local/MATLAB/R2021a/sys/ros1/glnxa64/ros1/share/genmsg/cmake/../../../lib/genmsg/genmsg_check_deps.py custom_msgs /home/marco/PROYECTOS/MRS_EKF_MatLab/catkin_ws/src/matlab_msg_gen_ros1/glnxa64/src/custom_msgs/msg/Landmark.msg
[3/11] Generating C++ code from custom_msgs/Landmark.msg
[4/11] Generating C++ code from custom_msgs/Landmarks.msg
[5/11] Generating Python from MSG custom_msgs/Landmark
[6/11] Generating Python from MSG custom_msgs/Landmarks
[7/11] Generating Python msg __init__.py for custom_msgs
[8/11] Building CXX object custom_msgs/CMakeFiles/custom_msgs_matlab.dir/src/custom_msgs_Landmark_message.cpp.o
[9/11] Building CXX object custom_msgs/CMakeFiles/custom_msgs_matlab.dir/src/custom_msgs_Landmarks_message.cpp.o
[10/11] Linking CXX shared library /home/marco/PROYECTOS/MRS_EKF_MatLab/catkin_ws/src/matlab_msg_gen_ros1/glnxa64/devel/lib/libcustom_msgs_matlab.so
[10/11] Install the project...
-- Install configuration: "Release"
-- Installing: /home/marco/PROYECTOS/MRS_EKF_MatLab/catkin_ws/src/matlab_msg_gen_ros1/glnxa64/install/_setup_util.py
-- Installing: /home/marco/PROYECTOS/MRS_EKF_MatLab/catkin_ws/src/matlab_msg_gen_ros1/glnxa64/install/env.sh
-- Installing: /home/marco/PROYECTOS/MRS_EKF_MatLab/catkin_ws/src/matlab_msg_gen_ros1/glnxa64/install/setup.bash
-- Installing: /home/marco/PROYECTOS/MRS_EKF_MatLab/catkin_ws/src/matlab_msg_gen_ros1/glnxa64/install/local_setup.bash
-- Installing: /home/marco/PROYECTOS/MRS_EKF_MatLab/catkin_ws/src/matlab_msg_gen_ros1/glnxa64/install/setup.sh
-- Installing: /home/marco/PROYECTOS/MRS_EKF_MatLab/catkin_ws/src/matlab_msg_gen_ros1/glnxa64/install/local_setup.sh
-- Installing: /home/marco/PROYECTOS/MRS_EKF_MatLab/catkin_ws/src/matlab_msg_gen_ros1/glnxa64/install/setup.zsh
-- Installing: /home/marco/PROYECTOS/MRS_EKF_MatLab/catkin_ws/src/matlab_msg_gen_ros1/glnxa64/install/local_setup.zsh
-- Installing: /home/marco/PROYECTOS/MRS_EKF_MatLab/catkin_ws/src/matlab_msg_gen_ros1/glnxa64/install/.rosinstall
-- Installing: /home/marco/PROYECTOS/MRS_EKF_MatLab/catkin_ws/src/matlab_msg_gen_ros1/glnxa64/install/share/custom_msgs/msg/Landmark.msg
-- Installing: /home/marco/PROYECTOS/MRS_EKF_MatLab/catkin_ws/src/matlab_msg_gen_ros1/glnxa64/install/share/custom_msgs/msg/Landmarks.msg
-- Installing: /home/marco/PROYECTOS/MRS_EKF_MatLab/catkin_ws/src/matlab_msg_gen_ros1/glnxa64/install/share/custom_msgs/cmake/custom_msgs-msg-paths.cmake
-- Installing: /home/marco/PROYECTOS/MRS_EKF_MatLab/catkin_ws/src/matlab_msg_gen_ros1/glnxa64/install/include/custom_msgs
-- Installing: /home/marco/PROYECTOS/MRS_EKF_MatLab/catkin_ws/src/matlab_msg_gen_ros1/glnxa64/install/include/custom_msgs/Landmarks.h
-- Installing: /home/marco/PROYECTOS/MRS_EKF_MatLab/catkin_ws/src/matlab_msg_gen_ros1/glnxa64/install/include/custom_msgs/Landmark.h
Listing /home/marco/PROYECTOS/MRS_EKF_MatLab/catkin_ws/src/matlab_msg_gen_ros1/glnxa64/devel/lib/python2.7/dist-packages/custom_msgs ...
Compiling /home/marco/PROYECTOS/MRS_EKF_MatLab/catkin_ws/src/matlab_msg_gen_ros1/glnxa64/devel/lib/python2.7/dist-packages/custom_msgs/__init__.py ...
Listing /home/marco/PROYECTOS/MRS_EKF_MatLab/catkin_ws/src/matlab_msg_gen_ros1/glnxa64/devel/lib/python2.7/dist-packages/custom_msgs/msg ...
Compiling /home/marco/PROYECTOS/MRS_EKF_MatLab/catkin_ws/src/matlab_msg_gen_ros1/glnxa64/devel/lib/python2.7/dist-packages/custom_msgs/msg/_Landmark.py ...
Compiling /home/marco/PROYECTOS/MRS_EKF_MatLab/catkin_ws/src/matlab_msg_gen_ros1/glnxa64/devel/lib/python2.7/dist-packages/custom_msgs/msg/_Landmarks.py ...
Compiling /home/marco/PROYECTOS/MRS_EKF_MatLab/catkin_ws/src/matlab_msg_gen_ros1/glnxa64/devel/lib/python2.7/dist-packages/custom_msgs/msg/__init__.py ...
-- Installing: /home/marco/PROYECTOS/MRS_EKF_MatLab/catkin_ws/src/matlab_msg_gen_ros1/glnxa64/install/lib/python2.7/dist-packages/custom_msgs
-- Installing: /home/marco/PROYECTOS/MRS_EKF_MatLab/catkin_ws/src/matlab_msg_gen_ros1/glnxa64/install/lib/python2.7/dist-packages/custom_msgs/__init__.py
-- Installing: /home/marco/PROYECTOS/MRS_EKF_MatLab/catkin_ws/src/matlab_msg_gen_ros1/glnxa64/install/lib/python2.7/dist-packages/custom_msgs/msg
-- Installing: /home/marco/PROYECTOS/MRS_EKF_MatLab/catkin_ws/src/matlab_msg_gen_ros1/glnxa64/install/lib/python2.7/dist-packages/custom_msgs/msg/_Landmark.pyc
-- Installing: /home/marco/PROYECTOS/MRS_EKF_MatLab/catkin_ws/src/matlab_msg_gen_ros1/glnxa64/install/lib/python2.7/dist-packages/custom_msgs/msg/_Landmarks.py
-- Installing: /home/marco/PROYECTOS/MRS_EKF_MatLab/catkin_ws/src/matlab_msg_gen_ros1/glnxa64/install/lib/python2.7/dist-packages/custom_msgs/msg/_Landmark.py
-- Installing: /home/marco/PROYECTOS/MRS_EKF_MatLab/catkin_ws/src/matlab_msg_gen_ros1/glnxa64/install/lib/python2.7/dist-packages/custom_msgs/msg/__init__.py
-- Installing: /home/marco/PROYECTOS/MRS_EKF_MatLab/catkin_ws/src/matlab_msg_gen_ros1/glnxa64/install/lib/python2.7/dist-packages/custom_msgs/msg/__init__.pyc
-- Installing: /home/marco/PROYECTOS/MRS_EKF_MatLab/catkin_ws/src/matlab_msg_gen_ros1/glnxa64/install/lib/python2.7/dist-packages/custom_msgs/msg/_Landmarks.pyc
-- Installing: /home/marco/PROYECTOS/MRS_EKF_MatLab/catkin_ws/src/matlab_msg_gen_ros1/glnxa64/install/lib/python2.7/dist-packages/custom_msgs/__init__.pyc
-- Installing: /home/marco/PROYECTOS/MRS_EKF_MatLab/catkin_ws/src/matlab_msg_gen_ros1/glnxa64/install/lib/pkgconfig/custom_msgs.pc
-- Installing: /home/marco/PROYECTOS/MRS_EKF_MatLab/catkin_ws/src/matlab_msg_gen_ros1/glnxa64/install/share/custom_msgs/cmake/custom_msgs-msg-extras.cmake
-- Installing: /home/marco/PROYECTOS/MRS_EKF_MatLab/catkin_ws/src/matlab_msg_gen_ros1/glnxa64/install/share/custom_msgs/cmake/custom_msgsConfig.cmake
-- Installing: /home/marco/PROYECTOS/MRS_EKF_MatLab/catkin_ws/src/matlab_msg_gen_ros1/glnxa64/install/share/custom_msgs/cmake/custom_msgsConfig-version.cmake
-- Installing: /home/marco/PROYECTOS/MRS_EKF_MatLab/catkin_ws/src/matlab_msg_gen_ros1/glnxa64/install/share/custom_msgs/package.xml
-- Up-to-date: /home/marco/PROYECTOS/MRS_EKF_MatLab/catkin_ws/src/matlab_msg_gen_ros1/glnxa64/install/include
-- Up-to-date: /home/marco/PROYECTOS/MRS_EKF_MatLab/catkin_ws/src/matlab_msg_gen_ros1/glnxa64/install/include/custom_msgs
-- Installing: /home/marco/PROYECTOS/MRS_EKF_MatLab/catkin_ws/src/matlab_msg_gen_ros1/glnxa64/install/include/custom_msgs/visibility_control.h
-- Installing: /home/marco/PROYECTOS/MRS_EKF_MatLab/catkin_ws/src/matlab_msg_gen_ros1/glnxa64/install/lib/libcustom_msgs_matlab.so
-- Installing: /home/marco/PROYECTOS/MRS_EKF_MatLab/catkin_ws/src/matlab_msg_gen_ros1/glnxa64/install/m/
-- Installing: /home/marco/PROYECTOS/MRS_EKF_MatLab/catkin_ws/src/matlab_msg_gen_ros1/glnxa64/install/m//+ros
-- Installing: /home/marco/PROYECTOS/MRS_EKF_MatLab/catkin_ws/src/matlab_msg_gen_ros1/glnxa64/install/m//+ros/+internal
-- Installing: /home/marco/PROYECTOS/MRS_EKF_MatLab/catkin_ws/src/matlab_msg_gen_ros1/glnxa64/install/m//+ros/+internal/+ros
-- Installing: /home/marco/PROYECTOS/MRS_EKF_MatLab/catkin_ws/src/matlab_msg_gen_ros1/glnxa64/install/m//+ros/+internal/+ros/+custommessages
-- Installing: /home/marco/PROYECTOS/MRS_EKF_MatLab/catkin_ws/src/matlab_msg_gen_ros1/glnxa64/install/m//+ros/+internal/+ros/+custommessages/+custom_msgs
-- Installing: /home/marco/PROYECTOS/MRS_EKF_MatLab/catkin_ws/src/matlab_msg_gen_ros1/glnxa64/install/m//+ros/+internal/+ros/+custommessages/+custom_msgs/landmark.m
-- Installing: /home/marco/PROYECTOS/MRS_EKF_MatLab/catkin_ws/src/matlab_msg_gen_ros1/glnxa64/install/m//+ros/+internal/+ros/+custommessages/+custom_msgs/landmarks.m
-- Installing: /home/marco/PROYECTOS/MRS_EKF_MatLab/catkin_ws/src/matlab_msg_gen_ros1/glnxa64/install/m//+ros/+msggen
-- Installing: /home/marco/PROYECTOS/MRS_EKF_MatLab/catkin_ws/src/matlab_msg_gen_ros1/glnxa64/install/m//+ros/+msggen/+custom_msgs
-- Installing: /home/marco/PROYECTOS/MRS_EKF_MatLab/catkin_ws/src/matlab_msg_gen_ros1/glnxa64/install/m//+ros/+msggen/+custom_msgs/Landmarks.m
-- Installing: /home/marco/PROYECTOS/MRS_EKF_MatLab/catkin_ws/src/matlab_msg_gen_ros1/glnxa64/install/m//+ros/+msggen/+custom_msgs/Landmark.m
Base path: /home/marco/PROYECTOS/MRS_EKF_MatLab/catkin_ws/src/matlab_msg_gen_ros1/glnxa64
Source space: /home/marco/PROYECTOS/MRS_EKF_MatLab/catkin_ws/src/matlab_msg_gen_ros1/glnxa64/src
Build space: /home/marco/PROYECTOS/MRS_EKF_MatLab/catkin_ws/src/matlab_msg_gen_ros1/glnxa64/build
Devel space: /home/marco/PROYECTOS/MRS_EKF_MatLab/catkin_ws/src/matlab_msg_gen_ros1/glnxa64/devel
Install space: /home/marco/PROYECTOS/MRS_EKF_MatLab/catkin_ws/src/matlab_msg_gen_ros1/glnxa64/install
Creating symlink "/home/marco/PROYECTOS/MRS_EKF_MatLab/catkin_ws/src/matlab_msg_gen_ros1/glnxa64/src/CMakeLists.txt" pointing to "/usr/local/MATLAB/R2021a/sys/ros1/glnxa64/ros1/share/catkin/cmake/toplevel.cmake"
####
#### Running command: "cmake /home/marco/PROYECTOS/MRS_EKF_MatLab/catkin_ws/src/matlab_msg_gen_ros1/glnxa64/src -DBoost_NAMESPACE=mwboost -DCATKIN_ENABLE_TESTING=off -DCMAKE_PREFIX_PATH=/usr/local/MATLAB/R2021a/sys/ros1/glnxa64/ros1;/usr/local/MATLAB/R2021a/toolbox/ros/mlroscpp/custom_messages -DCMAKE_BUILD_TYPE=Release -DCMAKE_CXX_FLAGS_RELEASE=-O0 -DCATKIN_DEVEL_PREFIX=/home/marco/PROYECTOS/MRS_EKF_MatLab/catkin_ws/src/matlab_msg_gen_ros1/glnxa64/devel -DCMAKE_INSTALL_PREFIX=/home/marco/PROYECTOS/MRS_EKF_MatLab/catkin_ws/src/matlab_msg_gen_ros1/glnxa64/install -G Ninja" in "/home/marco/PROYECTOS/MRS_EKF_MatLab/catkin_ws/src/matlab_msg_gen_ros1/glnxa64/build"
####
####
#### Running command: "ninja install install -j8 -l8" in "/home/marco/PROYECTOS/MRS_EKF_MatLab/catkin_ws/src/matlab_msg_gen_ros1/glnxa64/build"
####
